<?xml version="1.0" encoding="UTF-8"?>
<testsuite name="com.bridgelabz.indianstatecensustest.IndianStateCensusTest" tests="1" skipped="0" failures="0" errors="0" timestamp="2021-07-26T15:54:46" hostname="NARUTO" time="0.103">
  <properties/>
  <testcase name="givenWrongFileHeaders_ShouldReturnWrongHeader()" classname="com.bridgelabz.indianstatecensustest.IndianStateCensusTest" time="0.103"/>
  <system-out><![CDATA[]]></system-out>
  <system-err><![CDATA[]]></system-err>
</testsuite>
