<?xml version="1.0" encoding="UTF-8"?>
<testsuite name="com.bridgelabz.indianstatecensustest.IndianStateCensusTest" tests="1" skipped="0" failures="0" errors="0" timestamp="2021-07-26T14:46:58" hostname="NARUTO" time="0.139">
  <properties/>
  <testcase name="givenReadDataFromIndianCensus_ShouldReturnCountDataPresentInFile()" classname="com.bridgelabz.indianstatecensustest.IndianStateCensusTest" time="0.139"/>
  <system-out><![CDATA[]]></system-out>
  <system-err><![CDATA[]]></system-err>
</testsuite>
